<?xml version="1.0" encoding="UTF-8"?>
<coverage generated="1658103266613" clover="3.2.0">
  <project timestamp="1658103266613" name="All files">
    <metrics statements="23" coveredstatements="23" conditionals="6" coveredconditionals="6" methods="1" coveredmethods="1" elements="30" coveredelements="30" complexity="0" loc="23" ncloc="23" packages="1" files="1" classes="1"/>
    <file name="54-spiral-matrix.js" path="/Users/vince/Documents/Projects/Practice-Problems/54-spiral-matrix/54-spiral-matrix.js">
      <metrics statements="23" coveredstatements="23" conditionals="6" coveredconditionals="6" methods="1" coveredmethods="1"/>
      <line num="5" count="1" type="stmt"/>
      <line num="6" count="5" type="stmt"/>
      <line num="7" count="5" type="stmt"/>
      <line num="8" count="5" type="stmt"/>
      <line num="9" count="5" type="stmt"/>
      <line num="10" count="5" type="stmt"/>
      <line num="12" count="5" type="cond" truecount="2" falsecount="0"/>
      <line num="14" count="8" type="stmt"/>
      <line num="15" count="18" type="stmt"/>
      <line num="19" count="8" type="stmt"/>
      <line num="20" count="13" type="stmt"/>
      <line num="24" count="8" type="stmt"/>
      <line num="25" count="9" type="cond" truecount="2" falsecount="0"/>
      <line num="27" count="7" type="stmt"/>
      <line num="31" count="8" type="stmt"/>
      <line num="33" count="7" type="cond" truecount="2" falsecount="0"/>
      <line num="35" count="5" type="stmt"/>
      <line num="38" count="8" type="stmt"/>
      <line num="39" count="8" type="stmt"/>
      <line num="40" count="8" type="stmt"/>
      <line num="41" count="8" type="stmt"/>
      <line num="43" count="5" type="stmt"/>
      <line num="48" count="1" type="stmt"/>
    </file>
  </project>
</coverage>
