<?xml version="1.0" encoding="UTF-8"?>
<coverage generated="1658117066536" clover="3.2.0">
  <project timestamp="1658117066536" name="All files">
    <metrics statements="55" coveredstatements="55" conditionals="18" coveredconditionals="18" methods="4" coveredmethods="4" elements="77" coveredelements="77" complexity="0" loc="55" ncloc="55" packages="4" files="4" classes="4"/>
    <package name="1-two-sum">
      <metrics statements="6" coveredstatements="6" conditionals="4" coveredconditionals="4" methods="1" coveredmethods="1"/>
      <file name="1-two-sum.js" path="/Users/vince/Documents/Projects/Practice-Problems/1-two-sum/1-two-sum.js">
        <metrics statements="6" coveredstatements="6" conditionals="4" coveredconditionals="4" methods="1" coveredmethods="1"/>
        <line num="6" count="1" type="stmt"/>
        <line num="7" count="2" type="stmt"/>
        <line num="8" count="3" type="stmt"/>
        <line num="9" count="13" type="cond" truecount="4" falsecount="0"/>
        <line num="10" count="2" type="stmt"/>
        <line num="16" count="1" type="stmt"/>
      </file>
    </package>
    <package name="3-longest-substring-without-repeating-characters">
      <metrics statements="15" coveredstatements="15" conditionals="4" coveredconditionals="4" methods="1" coveredmethods="1"/>
      <file name="3-longest-substring-without-repeating-characters.js" path="/Users/vince/Documents/Projects/Practice-Problems/3-longest-substring-without-repeating-characters/3-longest-substring-without-repeating-characters.js">
        <metrics statements="15" coveredstatements="15" conditionals="4" coveredconditionals="4" methods="1" coveredmethods="1"/>
        <line num="5" count="1" type="stmt"/>
        <line num="6" count="4" type="stmt"/>
        <line num="8" count="4" type="stmt"/>
        <line num="9" count="97" type="stmt"/>
        <line num="10" count="97" type="stmt"/>
        <line num="12" count="97" type="stmt"/>
        <line num="13" count="804" type="stmt"/>
        <line num="14" count="804" type="cond" truecount="2" falsecount="0"/>
        <line num="15" count="716" type="stmt"/>
        <line num="16" count="716" type="stmt"/>
        <line num="17" count="716" type="cond" truecount="2" falsecount="0"/>
        <line num="19" count="88" type="stmt"/>
        <line num="20" count="88" type="stmt"/>
        <line num="25" count="4" type="stmt"/>
        <line num="28" count="1" type="stmt"/>
      </file>
    </package>
    <package name="54-spiral-matrix">
      <metrics statements="23" coveredstatements="23" conditionals="6" coveredconditionals="6" methods="1" coveredmethods="1"/>
      <file name="54-spiral-matrix.js" path="/Users/vince/Documents/Projects/Practice-Problems/54-spiral-matrix/54-spiral-matrix.js">
        <metrics statements="23" coveredstatements="23" conditionals="6" coveredconditionals="6" methods="1" coveredmethods="1"/>
        <line num="5" count="1" type="stmt"/>
        <line num="6" count="5" type="stmt"/>
        <line num="7" count="5" type="stmt"/>
        <line num="8" count="5" type="stmt"/>
        <line num="9" count="5" type="stmt"/>
        <line num="10" count="5" type="stmt"/>
        <line num="12" count="5" type="cond" truecount="2" falsecount="0"/>
        <line num="14" count="8" type="stmt"/>
        <line num="15" count="18" type="stmt"/>
        <line num="19" count="8" type="stmt"/>
        <line num="20" count="13" type="stmt"/>
        <line num="24" count="8" type="stmt"/>
        <line num="25" count="9" type="cond" truecount="2" falsecount="0"/>
        <line num="27" count="7" type="stmt"/>
        <line num="31" count="8" type="stmt"/>
        <line num="33" count="7" type="cond" truecount="2" falsecount="0"/>
        <line num="35" count="5" type="stmt"/>
        <line num="38" count="8" type="stmt"/>
        <line num="39" count="8" type="stmt"/>
        <line num="40" count="8" type="stmt"/>
        <line num="41" count="8" type="stmt"/>
        <line num="43" count="5" type="stmt"/>
        <line num="48" count="1" type="stmt"/>
      </file>
    </package>
    <package name="9-palindrome-number">
      <metrics statements="11" coveredstatements="11" conditionals="4" coveredconditionals="4" methods="1" coveredmethods="1"/>
      <file name="9-palindrome-number.js" path="/Users/vince/Documents/Projects/Practice-Problems/9-palindrome-number/9-palindrome-number.js">
        <metrics statements="11" coveredstatements="11" conditionals="4" coveredconditionals="4" methods="1" coveredmethods="1"/>
        <line num="5" count="1" type="stmt"/>
        <line num="6" count="4" type="cond" truecount="2" falsecount="0"/>
        <line num="8" count="3" type="stmt"/>
        <line num="10" count="3" type="stmt"/>
        <line num="11" count="3" type="stmt"/>
        <line num="13" count="3" type="stmt"/>
        <line num="14" count="13" type="cond" truecount="2" falsecount="0"/>
        <line num="15" count="8" type="stmt"/>
        <line num="18" count="13" type="stmt"/>
        <line num="21" count="3" type="stmt"/>
        <line num="24" count="1" type="stmt"/>
      </file>
    </package>
  </project>
</coverage>
