{"/Users/vince/Documents/Projects/Practice-Problems/54-spiral-matrix/54-spiral-matrix.js": {"path":"/Users/vince/Documents/Projects/Practice-Problems/54-spiral-matrix/54-spiral-matrix.js","statementMap":{"0":{"start":{"line":5,"column":18},"end":{"line":46,"column":1}},"1":{"start":{"line":6,"column":17},"end":{"line":6,"column":19}},"2":{"start":{"line":7,"column":20},"end":{"line":7,"column":21}},"3":{"start":{"line":8,"column":20},"end":{"line":8,"column":37}},"4":{"start":{"line":9,"column":17},"end":{"line":9,"column":37}},"5":{"start":{"line":10,"column":17},"end":{"line":10,"column":18}},"6":{"start":{"line":12,"column":4},"end":{"line":42,"column":5}},"7":{"start":{"line":14,"column":8},"end":{"line":16,"column":9}},"8":{"start":{"line":14,"column":20},"end":{"line":14,"column":26}},"9":{"start":{"line":15,"column":12},"end":{"line":15,"column":46}},"10":{"start":{"line":19,"column":8},"end":{"line":21,"column":9}},"11":{"start":{"line":19,"column":20},"end":{"line":19,"column":33}},"12":{"start":{"line":20,"column":12},"end":{"line":20,"column":42}},"13":{"start":{"line":24,"column":8},"end":{"line":28,"column":9}},"14":{"start":{"line":24,"column":20},"end":{"line":24,"column":30}},"15":{"start":{"line":25,"column":12},"end":{"line":25,"column":46}},"16":{"start":{"line":25,"column":40},"end":{"line":25,"column":46}},"17":{"start":{"line":27,"column":12},"end":{"line":27,"column":46}},"18":{"start":{"line":31,"column":8},"end":{"line":36,"column":9}},"19":{"start":{"line":31,"column":20},"end":{"line":31,"column":33}},"20":{"start":{"line":33,"column":12},"end":{"line":33,"column":40}},"21":{"start":{"line":33,"column":34},"end":{"line":33,"column":40}},"22":{"start":{"line":35,"column":12},"end":{"line":35,"column":43}},"23":{"start":{"line":38,"column":8},"end":{"line":38,"column":20}},"24":{"start":{"line":39,"column":8},"end":{"line":39,"column":20}},"25":{"start":{"line":40,"column":8},"end":{"line":40,"column":17}},"26":{"start":{"line":41,"column":8},"end":{"line":41,"column":17}},"27":{"start":{"line":43,"column":4},"end":{"line":43,"column":18}},"28":{"start":{"line":48,"column":0},"end":{"line":48,"column":29}}},"fnMap":{"0":{"name":"(anonymous_0)","decl":{"start":{"line":5,"column":18},"end":{"line":5,"column":19}},"loc":{"start":{"line":5,"column":35},"end":{"line":46,"column":1}},"line":5}},"branchMap":{"0":{"loc":{"start":{"line":12,"column":11},"end":{"line":12,"column":53}},"type":"binary-expr","locations":[{"start":{"line":12,"column":11},"end":{"line":12,"column":33}},{"start":{"line":12,"column":37},"end":{"line":12,"column":53}}],"line":12},"1":{"loc":{"start":{"line":25,"column":12},"end":{"line":25,"column":46}},"type":"if","locations":[{"start":{"line":25,"column":12},"end":{"line":25,"column":46}},{"start":{},"end":{}}],"line":25},"2":{"loc":{"start":{"line":33,"column":12},"end":{"line":33,"column":40}},"type":"if","locations":[{"start":{"line":33,"column":12},"end":{"line":33,"column":40}},{"start":{},"end":{}}],"line":33}},"s":{"0":1,"1":5,"2":5,"3":5,"4":5,"5":5,"6":5,"7":8,"8":8,"9":18,"10":8,"11":8,"12":13,"13":8,"14":8,"15":9,"16":2,"17":7,"18":8,"19":8,"20":7,"21":2,"22":5,"23":8,"24":8,"25":8,"26":8,"27":5,"28":1},"f":{"0":5},"b":{"0":[13,10],"1":[2,7],"2":[2,5]},"_coverageSchema":"1a1c01bbd47fc00a2c39e90264f33305004495a9","hash":"0f20f966acab55b115defddee10259f3a84995fd"}
}
