{"/Users/vince/Documents/Projects/Practice-Problems/1-two-sum/1-two-sum.js": {"path":"/Users/vince/Documents/Projects/Practice-Problems/1-two-sum/1-two-sum.js","statementMap":{"0":{"start":{"line":6,"column":13},"end":{"line":14,"column":1}},"1":{"start":{"line":7,"column":4},"end":{"line":13,"column":5}},"2":{"start":{"line":7,"column":16},"end":{"line":7,"column":17}},"3":{"start":{"line":8,"column":8},"end":{"line":12,"column":9}},"4":{"start":{"line":8,"column":20},"end":{"line":8,"column":21}},"5":{"start":{"line":9,"column":12},"end":{"line":11,"column":13}},"6":{"start":{"line":10,"column":16},"end":{"line":10,"column":30}},"7":{"start":{"line":16,"column":0},"end":{"line":16,"column":24}}},"fnMap":{"0":{"name":"(anonymous_0)","decl":{"start":{"line":6,"column":13},"end":{"line":6,"column":14}},"loc":{"start":{"line":6,"column":36},"end":{"line":14,"column":1}},"line":6}},"branchMap":{"0":{"loc":{"start":{"line":9,"column":12},"end":{"line":11,"column":13}},"type":"if","locations":[{"start":{"line":9,"column":12},"end":{"line":11,"column":13}},{"start":{},"end":{}}],"line":9},"1":{"loc":{"start":{"line":9,"column":15},"end":{"line":9,"column":52}},"type":"binary-expr","locations":[{"start":{"line":9,"column":15},"end":{"line":9,"column":41}},{"start":{"line":9,"column":45},"end":{"line":9,"column":52}}],"line":9}},"s":{"0":1,"1":2,"2":2,"3":3,"4":3,"5":13,"6":2,"7":1},"f":{"0":2},"b":{"0":[2,11],"1":[13,2]},"_coverageSchema":"1a1c01bbd47fc00a2c39e90264f33305004495a9","hash":"9df4d6f90bbb2844c8dfd448c4fc5637c5996f28"}
,"/Users/vince/Documents/Projects/Practice-Problems/20-valid-parentheses/20-valid-parentheses.js": {"path":"/Users/vince/Documents/Projects/Practice-Problems/20-valid-parentheses/20-valid-parentheses.js","statementMap":{"0":{"start":{"line":5,"column":14},"end":{"line":32,"column":1}},"1":{"start":{"line":6,"column":26},"end":{"line":6,"column":56}},"2":{"start":{"line":7,"column":16},"end":{"line":7,"column":18}},"3":{"start":{"line":8,"column":18},"end":{"line":8,"column":22}},"4":{"start":{"line":10,"column":4},"end":{"line":24,"column":5}},"5":{"start":{"line":10,"column":16},"end":{"line":10,"column":17}},"6":{"start":{"line":11,"column":26},"end":{"line":11,"column":30}},"7":{"start":{"line":13,"column":8},"end":{"line":23,"column":9}},"8":{"start":{"line":14,"column":12},"end":{"line":14,"column":36}},"9":{"start":{"line":16,"column":36},"end":{"line":16,"column":72}},"10":{"start":{"line":18,"column":12},"end":{"line":22,"column":13}},"11":{"start":{"line":19,"column":16},"end":{"line":19,"column":28}},"12":{"start":{"line":21,"column":16},"end":{"line":21,"column":32}},"13":{"start":{"line":26,"column":4},"end":{"line":28,"column":5}},"14":{"start":{"line":27,"column":8},"end":{"line":27,"column":24}},"15":{"start":{"line":31,"column":4},"end":{"line":31,"column":19}},"16":{"start":{"line":34,"column":0},"end":{"line":34,"column":25}}},"fnMap":{"0":{"name":"(anonymous_0)","decl":{"start":{"line":5,"column":14},"end":{"line":5,"column":15}},"loc":{"start":{"line":5,"column":26},"end":{"line":32,"column":1}},"line":5}},"branchMap":{"0":{"loc":{"start":{"line":13,"column":8},"end":{"line":23,"column":9}},"type":"if","locations":[{"start":{"line":13,"column":8},"end":{"line":23,"column":9}},{"start":{"line":15,"column":15},"end":{"line":23,"column":9}}],"line":13},"1":{"loc":{"start":{"line":18,"column":12},"end":{"line":22,"column":13}},"type":"if","locations":[{"start":{"line":18,"column":12},"end":{"line":22,"column":13}},{"start":{"line":20,"column":19},"end":{"line":22,"column":13}}],"line":18},"2":{"loc":{"start":{"line":26,"column":4},"end":{"line":28,"column":5}},"type":"if","locations":[{"start":{"line":26,"column":4},"end":{"line":28,"column":5}},{"start":{},"end":{}}],"line":26}},"s":{"0":1,"1":4,"2":4,"3":4,"4":4,"5":4,"6":21,"7":21,"8":11,"9":10,"10":10,"11":8,"12":2,"13":4,"14":1,"15":4,"16":1},"f":{"0":4},"b":{"0":[11,10],"1":[8,2],"2":[1,3]},"_coverageSchema":"1a1c01bbd47fc00a2c39e90264f33305004495a9","hash":"704f803067349219e964f30874364506510fc5f0"}
,"/Users/vince/Documents/Projects/Practice-Problems/3-longest-substring-without-repeating-characters/3-longest-substring-without-repeating-characters.js": {"path":"/Users/vince/Documents/Projects/Practice-Problems/3-longest-substring-without-repeating-characters/3-longest-substring-without-repeating-characters.js","statementMap":{"0":{"start":{"line":5,"column":31},"end":{"line":26,"column":1}},"1":{"start":{"line":6,"column":23},"end":{"line":6,"column":24}},"2":{"start":{"line":8,"column":2},"end":{"line":23,"column":3}},"3":{"start":{"line":8,"column":14},"end":{"line":8,"column":15}},"4":{"start":{"line":9,"column":18},"end":{"line":9,"column":20}},"5":{"start":{"line":10,"column":18},"end":{"line":10,"column":19}},"6":{"start":{"line":12,"column":4},"end":{"line":22,"column":5}},"7":{"start":{"line":12,"column":16},"end":{"line":12,"column":17}},"8":{"start":{"line":13,"column":26},"end":{"line":13,"column":30}},"9":{"start":{"line":14,"column":6},"end":{"line":21,"column":7}},"10":{"start":{"line":15,"column":8},"end":{"line":15,"column":18}},"11":{"start":{"line":16,"column":8},"end":{"line":16,"column":38}},"12":{"start":{"line":17,"column":8},"end":{"line":17,"column":62}},"13":{"start":{"line":17,"column":37},"end":{"line":17,"column":62}},"14":{"start":{"line":19,"column":8},"end":{"line":19,"column":20}},"15":{"start":{"line":20,"column":8},"end":{"line":20,"column":14}},"16":{"start":{"line":25,"column":2},"end":{"line":25,"column":24}},"17":{"start":{"line":28,"column":0},"end":{"line":28,"column":42}}},"fnMap":{"0":{"name":"(anonymous_0)","decl":{"start":{"line":5,"column":31},"end":{"line":5,"column":32}},"loc":{"start":{"line":5,"column":44},"end":{"line":26,"column":1}},"line":5}},"branchMap":{"0":{"loc":{"start":{"line":14,"column":6},"end":{"line":21,"column":7}},"type":"if","locations":[{"start":{"line":14,"column":6},"end":{"line":21,"column":7}},{"start":{"line":18,"column":13},"end":{"line":21,"column":7}}],"line":14},"1":{"loc":{"start":{"line":17,"column":8},"end":{"line":17,"column":62}},"type":"if","locations":[{"start":{"line":17,"column":8},"end":{"line":17,"column":62}},{"start":{},"end":{}}],"line":17}},"s":{"0":1,"1":4,"2":4,"3":4,"4":97,"5":97,"6":97,"7":97,"8":804,"9":804,"10":716,"11":716,"12":716,"13":18,"14":88,"15":88,"16":4,"17":1},"f":{"0":4},"b":{"0":[716,88],"1":[18,698]},"_coverageSchema":"1a1c01bbd47fc00a2c39e90264f33305004495a9","hash":"e11f462c92d5041f51d804e9a4aecf6ed9de85be"}
,"/Users/vince/Documents/Projects/Practice-Problems/54-spiral-matrix/54-spiral-matrix.js": {"path":"/Users/vince/Documents/Projects/Practice-Problems/54-spiral-matrix/54-spiral-matrix.js","statementMap":{"0":{"start":{"line":5,"column":18},"end":{"line":46,"column":1}},"1":{"start":{"line":6,"column":17},"end":{"line":6,"column":19}},"2":{"start":{"line":7,"column":20},"end":{"line":7,"column":21}},"3":{"start":{"line":8,"column":20},"end":{"line":8,"column":37}},"4":{"start":{"line":9,"column":17},"end":{"line":9,"column":37}},"5":{"start":{"line":10,"column":17},"end":{"line":10,"column":18}},"6":{"start":{"line":12,"column":4},"end":{"line":42,"column":5}},"7":{"start":{"line":14,"column":8},"end":{"line":16,"column":9}},"8":{"start":{"line":14,"column":20},"end":{"line":14,"column":26}},"9":{"start":{"line":15,"column":12},"end":{"line":15,"column":46}},"10":{"start":{"line":19,"column":8},"end":{"line":21,"column":9}},"11":{"start":{"line":19,"column":20},"end":{"line":19,"column":33}},"12":{"start":{"line":20,"column":12},"end":{"line":20,"column":42}},"13":{"start":{"line":24,"column":8},"end":{"line":28,"column":9}},"14":{"start":{"line":24,"column":20},"end":{"line":24,"column":30}},"15":{"start":{"line":25,"column":12},"end":{"line":25,"column":46}},"16":{"start":{"line":25,"column":40},"end":{"line":25,"column":46}},"17":{"start":{"line":27,"column":12},"end":{"line":27,"column":46}},"18":{"start":{"line":31,"column":8},"end":{"line":36,"column":9}},"19":{"start":{"line":31,"column":20},"end":{"line":31,"column":33}},"20":{"start":{"line":33,"column":12},"end":{"line":33,"column":40}},"21":{"start":{"line":33,"column":34},"end":{"line":33,"column":40}},"22":{"start":{"line":35,"column":12},"end":{"line":35,"column":43}},"23":{"start":{"line":38,"column":8},"end":{"line":38,"column":20}},"24":{"start":{"line":39,"column":8},"end":{"line":39,"column":20}},"25":{"start":{"line":40,"column":8},"end":{"line":40,"column":17}},"26":{"start":{"line":41,"column":8},"end":{"line":41,"column":17}},"27":{"start":{"line":43,"column":4},"end":{"line":43,"column":18}},"28":{"start":{"line":48,"column":0},"end":{"line":48,"column":29}}},"fnMap":{"0":{"name":"(anonymous_0)","decl":{"start":{"line":5,"column":18},"end":{"line":5,"column":19}},"loc":{"start":{"line":5,"column":35},"end":{"line":46,"column":1}},"line":5}},"branchMap":{"0":{"loc":{"start":{"line":12,"column":11},"end":{"line":12,"column":53}},"type":"binary-expr","locations":[{"start":{"line":12,"column":11},"end":{"line":12,"column":33}},{"start":{"line":12,"column":37},"end":{"line":12,"column":53}}],"line":12},"1":{"loc":{"start":{"line":25,"column":12},"end":{"line":25,"column":46}},"type":"if","locations":[{"start":{"line":25,"column":12},"end":{"line":25,"column":46}},{"start":{},"end":{}}],"line":25},"2":{"loc":{"start":{"line":33,"column":12},"end":{"line":33,"column":40}},"type":"if","locations":[{"start":{"line":33,"column":12},"end":{"line":33,"column":40}},{"start":{},"end":{}}],"line":33}},"s":{"0":1,"1":5,"2":5,"3":5,"4":5,"5":5,"6":5,"7":8,"8":8,"9":18,"10":8,"11":8,"12":13,"13":8,"14":8,"15":9,"16":2,"17":7,"18":8,"19":8,"20":7,"21":2,"22":5,"23":8,"24":8,"25":8,"26":8,"27":5,"28":1},"f":{"0":5},"b":{"0":[13,10],"1":[2,7],"2":[2,5]},"_coverageSchema":"1a1c01bbd47fc00a2c39e90264f33305004495a9","hash":"0f20f966acab55b115defddee10259f3a84995fd"}
,"/Users/vince/Documents/Projects/Practice-Problems/9-palindrome-number/9-palindrome-number.js": {"path":"/Users/vince/Documents/Projects/Practice-Problems/9-palindrome-number/9-palindrome-number.js","statementMap":{"0":{"start":{"line":5,"column":19},"end":{"line":22,"column":1}},"1":{"start":{"line":6,"column":4},"end":{"line":6,"column":26}},"2":{"start":{"line":6,"column":14},"end":{"line":6,"column":26}},"3":{"start":{"line":8,"column":19},"end":{"line":8,"column":23}},"4":{"start":{"line":10,"column":20},"end":{"line":10,"column":32}},"5":{"start":{"line":11,"column":25},"end":{"line":11,"column":43}},"6":{"start":{"line":13,"column":4},"end":{"line":19,"column":5}},"7":{"start":{"line":13,"column":16},"end":{"line":13,"column":17}},"8":{"start":{"line":14,"column":8},"end":{"line":16,"column":9}},"9":{"start":{"line":15,"column":12},"end":{"line":15,"column":29}},"10":{"start":{"line":18,"column":8},"end":{"line":18,"column":25}},"11":{"start":{"line":21,"column":4},"end":{"line":21,"column":20}},"12":{"start":{"line":24,"column":0},"end":{"line":24,"column":30}}},"fnMap":{"0":{"name":"(anonymous_0)","decl":{"start":{"line":5,"column":19},"end":{"line":5,"column":20}},"loc":{"start":{"line":5,"column":31},"end":{"line":22,"column":1}},"line":5}},"branchMap":{"0":{"loc":{"start":{"line":6,"column":4},"end":{"line":6,"column":26}},"type":"if","locations":[{"start":{"line":6,"column":4},"end":{"line":6,"column":26}},{"start":{},"end":{}}],"line":6},"1":{"loc":{"start":{"line":14,"column":8},"end":{"line":16,"column":9}},"type":"if","locations":[{"start":{"line":14,"column":8},"end":{"line":16,"column":9}},{"start":{},"end":{}}],"line":14}},"s":{"0":1,"1":4,"2":1,"3":3,"4":3,"5":3,"6":3,"7":3,"8":13,"9":8,"10":13,"11":3,"12":1},"f":{"0":4},"b":{"0":[1,3],"1":[8,5]},"_coverageSchema":"1a1c01bbd47fc00a2c39e90264f33305004495a9","hash":"d3f518871ccadcf1a541f219e99ac7d447b9731d"}
}
