TN:
SF:1-two-sum/1-two-sum.js
FN:6,(anonymous_0)
FNF:1
FNH:1
FNDA:2,(anonymous_0)
DA:6,1
DA:7,2
DA:8,3
DA:9,13
DA:10,2
DA:16,1
LF:6
LH:6
BRDA:9,0,0,2
BRDA:9,0,1,11
BRDA:9,1,0,13
BRDA:9,1,1,2
BRF:4
BRH:4
end_of_record
TN:
SF:20-valid-parentheses/20-valid-parentheses.js
FN:5,(anonymous_0)
FNF:1
FNH:1
FNDA:4,(anonymous_0)
DA:5,1
DA:6,4
DA:7,4
DA:8,4
DA:10,4
DA:11,21
DA:13,21
DA:14,11
DA:16,10
DA:18,10
DA:19,8
DA:21,2
DA:26,4
DA:27,1
DA:31,4
DA:34,1
LF:16
LH:16
BRDA:13,0,0,11
BRDA:13,0,1,10
BRDA:18,1,0,8
BRDA:18,1,1,2
BRDA:26,2,0,1
BRDA:26,2,1,3
BRF:6
BRH:6
end_of_record
TN:
SF:3-longest-substring-without-repeating-characters/3-longest-substring-without-repeating-characters.js
FN:5,(anonymous_0)
FNF:1
FNH:1
FNDA:4,(anonymous_0)
DA:5,1
DA:6,4
DA:8,4
DA:9,97
DA:10,97
DA:12,97
DA:13,804
DA:14,804
DA:15,716
DA:16,716
DA:17,716
DA:19,88
DA:20,88
DA:25,4
DA:28,1
LF:15
LH:15
BRDA:14,0,0,716
BRDA:14,0,1,88
BRDA:17,1,0,18
BRDA:17,1,1,698
BRF:4
BRH:4
end_of_record
TN:
SF:39-combination-sum/39-combination-sum.js
FN:6,(anonymous_0)
FN:9,(anonymous_1)
FNF:2
FNH:2
FNDA:2,(anonymous_0)
FNDA:146,(anonymous_1)
DA:6,1
DA:7,2
DA:9,2
DA:10,146
DA:11,5
DA:12,5
DA:15,141
DA:16,69
DA:19,72
DA:20,72
DA:21,72
DA:22,72
DA:25,2
DA:27,2
DA:30,1
LF:15
LH:15
BRDA:10,0,0,5
BRDA:10,0,1,141
BRDA:15,1,0,69
BRDA:15,1,1,72
BRDA:15,2,0,141
BRDA:15,2,1,123
BRF:6
BRH:6
end_of_record
TN:
SF:54-spiral-matrix/54-spiral-matrix.js
FN:5,(anonymous_0)
FNF:1
FNH:1
FNDA:5,(anonymous_0)
DA:5,1
DA:6,5
DA:7,5
DA:8,5
DA:9,5
DA:10,5
DA:12,5
DA:14,8
DA:15,18
DA:19,8
DA:20,13
DA:24,8
DA:25,9
DA:27,7
DA:31,8
DA:33,7
DA:35,5
DA:38,8
DA:39,8
DA:40,8
DA:41,8
DA:43,5
DA:48,1
LF:23
LH:23
BRDA:12,0,0,13
BRDA:12,0,1,10
BRDA:25,1,0,2
BRDA:25,1,1,7
BRDA:33,2,0,2
BRDA:33,2,1,5
BRF:6
BRH:6
end_of_record
TN:
SF:9-palindrome-number/9-palindrome-number.js
FN:5,(anonymous_0)
FNF:1
FNH:1
FNDA:4,(anonymous_0)
DA:5,1
DA:6,4
DA:8,3
DA:10,3
DA:11,3
DA:13,3
DA:14,13
DA:15,8
DA:18,13
DA:21,3
DA:24,1
LF:11
LH:11
BRDA:6,0,0,1
BRDA:6,0,1,3
BRDA:14,1,0,8
BRDA:14,1,1,5
BRF:4
BRH:4
end_of_record
