TN:
SF:1-two-sum/1-two-sum.js
FN:6,(anonymous_0)
FNF:1
FNH:1
FNDA:2,(anonymous_0)
DA:6,1
DA:7,2
DA:8,3
DA:9,13
DA:10,2
DA:16,1
LF:6
LH:6
BRDA:9,0,0,2
BRDA:9,0,1,11
BRDA:9,1,0,13
BRDA:9,1,1,2
BRF:4
BRH:4
end_of_record
TN:
SF:3-longest-substring-without-repeating-characters/3-longest-substring-without-repeating-characters.js
FN:5,(anonymous_0)
FNF:1
FNH:1
FNDA:4,(anonymous_0)
DA:5,1
DA:6,4
DA:8,4
DA:9,97
DA:10,97
DA:12,97
DA:13,804
DA:14,804
DA:15,716
DA:16,716
DA:17,716
DA:19,88
DA:20,88
DA:25,4
DA:28,1
LF:15
LH:15
BRDA:14,0,0,716
BRDA:14,0,1,88
BRDA:17,1,0,18
BRDA:17,1,1,698
BRF:4
BRH:4
end_of_record
TN:
SF:54-spiral-matrix/54-spiral-matrix.js
FN:5,(anonymous_0)
FNF:1
FNH:1
FNDA:5,(anonymous_0)
DA:5,1
DA:6,5
DA:7,5
DA:8,5
DA:9,5
DA:10,5
DA:12,5
DA:14,8
DA:15,18
DA:19,8
DA:20,13
DA:24,8
DA:25,9
DA:27,7
DA:31,8
DA:33,7
DA:35,5
DA:38,8
DA:39,8
DA:40,8
DA:41,8
DA:43,5
DA:48,1
LF:23
LH:23
BRDA:12,0,0,13
BRDA:12,0,1,10
BRDA:25,1,0,2
BRDA:25,1,1,7
BRDA:33,2,0,2
BRDA:33,2,1,5
BRF:6
BRH:6
end_of_record
